# JRE version: OpenJDK Runtime Environment (17.0.6) (build 17.0.6+0-b2043.56-10027231)
# Java VM: OpenJDK 64-Bit Server VM (17.0.6+0-b2043.56-10027231, mixed mode, tiered, compressed oops, compressed class ptrs, g1 gc, windows-amd64)
GC Precious Log:
 CPUs: 12 total, 12 available
 Memory: 6005M
 Large Page Support: Disabled
 NUMA Support: Disabled
 Compressed Oops: Enabled (32-bit)
 Heap Region Size: 1M
 Heap Min Capacity: 8M
 Heap Initial Capacity: 94M
 Heap Max Capacity: 2G
 Pre-touch: Disabled
 Parallel Workers: 10
 Concurrent Workers: 3
 Concurrent Refinement Workers: 10
 Periodic GC: Disabled
Heap:
 garbage-first heap   total 124928K, used 91911K [0x0000000080000000, 0x0000000100000000)
  region size 1024K, 40 young (40960K), 5 survivors (5120K)
 Metaspace       used 81066K, committed 81664K, reserved 1122304K
  class space    used 10899K, committed 11200K, reserved 1048576K
GC Heap History (20 events):
Event: 8.343 GC heap before
{Heap before GC invocations=26 (full 0):
 garbage-first heap   total 103424K, used 77089K [0x0000000080000000, 0x0000000100000000)
  region size 1024K, 34 young (34816K), 2 survivors (2048K)
 Metaspace       used 59669K, committed 60160K, reserved 1105920K
  class space    used 7855K, committed 8064K, reserved 1048576K
}
Event: 8.345 GC heap after
{Heap after GC invocations=27 (full 0):
 garbage-first heap   total 103424K, used 45044K [0x0000000080000000, 0x0000000100000000)
  region size 1024K, 2 young (2048K), 2 survivors (2048K)
 Metaspace       used 59669K, committed 60160K, reserved 1105920K
  class space    used 7855K, committed 8064K, reserved 1048576K
}
Event: 8.582 GC heap before
{Heap before GC invocations=28 (full 0):
 garbage-first heap   total 103424K, used 83956K [0x0000000080000000, 0x0000000100000000)
  region size 1024K, 40 young (40960K), 2 survivors (2048K)
 Metaspace       used 61449K, committed 61952K, reserved 1105920K
  class space    used 8055K, committed 8256K, reserved 1048576K
}
Event: 8.584 GC heap after
{Heap after GC invocations=29 (full 0):
 garbage-first heap   total 103424K, used 45652K [0x0000000080000000, 0x0000000100000000)
  region size 1024K, 2 young (2048K), 2 survivors (2048K)
 Metaspace       used 61449K, committed 61952K, reserved 1105920K
  class space    used 8055K, committed 8256K, reserved 1048576K
}
Event: 8.885 GC heap before
{Heap before GC invocations=29 (full 0):
 garbage-first heap   total 103424K, used 85588K [0x0000000080000000, 0x0000000100000000)
  region size 1024K, 41 young (41984K), 2 survivors (2048K)
 Metaspace       used 63742K, committed 64320K, reserved 1105920K
  class space    used 8386K, committed 8640K, reserved 1048576K
}
Event: 8.888 GC heap after
{Heap after GC invocations=30 (full 0):
 garbage-first heap   total 124928K, used 46413K [0x0000000080000000, 0x0000000100000000)
  region size 1024K, 3 young (3072K), 3 survivors (3072K)
 Metaspace       used 63742K, committed 64320K, reserved 1105920K
  class space    used 8386K, committed 8640K, reserved 1048576K
}
Event: 9.231 GC heap before
{Heap before GC invocations=30 (full 0):
 garbage-first heap   total 124928K, used 109901K [0x0000000080000000, 0x0000000100000000)
  region size 1024K, 59 young (60416K), 3 survivors (3072K)
 Metaspace       used 66149K, committed 66752K, reserved 1114112K
  class space    used 8715K, committed 9024K, reserved 1048576K
}
Event: 9.235 GC heap after
{Heap after GC invocations=31 (full 0):
 garbage-first heap   total 124928K, used 49523K [0x0000000080000000, 0x0000000100000000)
  region size 1024K, 6 young (6144K), 6 survivors (6144K)
 Metaspace       used 66149K, committed 66752K, reserved 1114112K
  class space    used 8715K, committed 9024K, reserved 1048576K
}
Event: 9.614 GC heap before
{Heap before GC invocations=31 (full 0):
 garbage-first heap   total 124928K, used 102771K [0x0000000080000000, 0x0000000100000000)
  region size 1024K, 58 young (59392K), 6 survivors (6144K)
 Metaspace       used 68567K, committed 69184K, reserved 1114112K
  class space    used 9006K, committed 9280K, reserved 1048576K
}
Event: 9.619 GC heap after
{Heap after GC invocations=32 (full 0):
 garbage-first heap   total 124928K, used 51519K [0x0000000080000000, 0x0000000100000000)
  region size 1024K, 6 young (6144K), 6 survivors (6144K)
 Metaspace       used 68567K, committed 69184K, reserved 1114112K
  class space    used 9006K, committed 9280K, reserved 1048576K
}
Event: 9.998 GC heap before
{Heap before GC invocations=32 (full 0):
 garbage-first heap   total 124928K, used 102719K [0x0000000080000000, 0x0000000100000000)
  region size 1024K, 56 young (57344K), 6 survivors (6144K)
 Metaspace       used 70793K, committed 71424K, reserved 1114112K
  class space    used 9326K, committed 9600K, reserved 1048576K
}
Event: 10.001 GC heap after
{Heap after GC invocations=33 (full 0):
 garbage-first heap   total 124928K, used 52634K [0x0000000080000000, 0x0000000100000000)
  region size 1024K, 4 young (4096K), 4 survivors (4096K)
 Metaspace       used 70793K, committed 71424K, reserved 1114112K
  class space    used 9326K, committed 9600K, reserved 1048576K
}
Event: 10.281 GC heap before
{Heap before GC invocations=33 (full 0):
 garbage-first heap   total 124928K, used 102810K [0x0000000080000000, 0x0000000100000000)
  region size 1024K, 53 young (54272K), 4 survivors (4096K)
 Metaspace       used 73021K, committed 73664K, reserved 1114112K
  class space    used 9616K, committed 9920K, reserved 1048576K
}
Event: 10.284 GC heap after
{Heap after GC invocations=34 (full 0):
 garbage-first heap   total 124928K, used 53680K [0x0000000080000000, 0x0000000100000000)
  region size 1024K, 5 young (5120K), 5 survivors (5120K)
 Metaspace       used 73021K, committed 73664K, reserved 1114112K
  class space    used 9616K, committed 9920K, reserved 1048576K
}
Event: 10.747 GC heap before
{Heap before GC invocations=34 (full 0):
 garbage-first heap   total 124928K, used 101808K [0x0000000080000000, 0x0000000100000000)
  region size 1024K, 53 young (54272K), 5 survivors (5120K)
 Metaspace       used 74977K, committed 75520K, reserved 1122304K
  class space    used 9849K, committed 10112K, reserved 1048576K
}
Event: 10.750 GC heap after
{Heap after GC invocations=35 (full 0):
 garbage-first heap   total 124928K, used 54903K [0x0000000080000000, 0x0000000100000000)
  region size 1024K, 4 young (4096K), 4 survivors (4096K)
 Metaspace       used 74977K, committed 75520K, reserved 1122304K
  class space    used 9849K, committed 10112K, reserved 1048576K
}
Event: 11.040 GC heap before
{Heap before GC invocations=35 (full 0):
 garbage-first heap   total 124928K, used 105079K [0x0000000080000000, 0x0000000100000000)
  region size 1024K, 52 young (53248K), 4 survivors (4096K)
 Metaspace       used 77024K, committed 77632K, reserved 1122304K
  class space    used 10135K, committed 10432K, reserved 1048576K
}
Event: 11.044 GC heap after
{Heap after GC invocations=36 (full 0):
 garbage-first heap   total 124928K, used 55904K [0x0000000080000000, 0x0000000100000000)
  region size 1024K, 5 young (5120K), 5 survivors (5120K)
 Metaspace       used 77024K, committed 77632K, reserved 1122304K
  class space    used 10135K, committed 10432K, reserved 1048576K
}
Event: 11.406 GC heap before
{Heap before GC invocations=36 (full 0):
 garbage-first heap   total 124928K, used 105056K [0x0000000080000000, 0x0000000100000000)
  region size 1024K, 53 young (54272K), 5 survivors (5120K)
 Metaspace       used 79458K, committed 80064K, reserved 1122304K
  class space    used 10663K, committed 10944K, reserved 1048576K
}
Event: 11.410 GC heap after
{Heap after GC invocations=37 (full 0):
 garbage-first heap   total 124928K, used 57095K [0x0000000080000000, 0x0000000100000000)
  region size 1024K, 5 young (5120K), 5 survivors (5120K)
 Metaspace       used 79458K, committed 80064K, reserved 1122304K
  class space    used 10663K, committed 10944K, reserved 1048576K
}

