# JRE version: OpenJDK Runtime Environment (17.0.6) (build 17.0.6+0-b2043.56-10027231)
# Java VM: OpenJDK 64-Bit Server VM (17.0.6+0-b2043.56-10027231, mixed mode, tiered, compressed oops, compressed class ptrs, g1 gc, windows-amd64)
GC Precious Log:
 CPUs: 12 total, 12 available
 Memory: 6005M
 Large Page Support: Disabled
 NUMA Support: Disabled
 Compressed Oops: Enabled (32-bit)
 Heap Region Size: 1M
 Heap Min Capacity: 8M
 Heap Initial Capacity: 94M
 Heap Max Capacity: 2G
 Pre-touch: Disabled
 Parallel Workers: 10
 Concurrent Workers: 3
 Concurrent Refinement Workers: 10
 Periodic GC: Disabled
Heap:
 garbage-first heap   total 78848K, used 33730K [0x0000000080000000, 0x0000000100000000)
  region size 1024K, 7 young (7168K), 3 survivors (3072K)
 Metaspace       used 47238K, committed 47744K, reserved 1097728K
  class space    used 6154K, committed 6400K, reserved 1048576K
GC Heap History (20 events):
Event: 8.893 GC heap before
{Heap before GC invocations=15 (full 0):
 garbage-first heap   total 65536K, used 54421K [0x0000000080000000, 0x0000000100000000)
  region size 1024K, 34 young (34816K), 3 survivors (3072K)
 Metaspace       used 35510K, committed 35840K, reserved 1081344K
  class space    used 4836K, committed 4992K, reserved 1048576K
}
Event: 8.898 GC heap after
{Heap after GC invocations=16 (full 0):
 garbage-first heap   total 65536K, used 23139K [0x0000000080000000, 0x0000000100000000)
  region size 1024K, 3 young (3072K), 3 survivors (3072K)
 Metaspace       used 35510K, committed 35840K, reserved 1081344K
  class space    used 4836K, committed 4992K, reserved 1048576K
}
Event: 8.937 GC heap before
{Heap before GC invocations=16 (full 0):
 garbage-first heap   total 65536K, used 26211K [0x0000000080000000, 0x0000000100000000)
  region size 1024K, 7 young (7168K), 3 survivors (3072K)
 Metaspace       used 35693K, committed 35968K, reserved 1081344K
  class space    used 4865K, committed 4992K, reserved 1048576K
}
Event: 8.939 GC heap after
{Heap after GC invocations=17 (full 0):
 garbage-first heap   total 65536K, used 23275K [0x0000000080000000, 0x0000000100000000)
  region size 1024K, 3 young (3072K), 3 survivors (3072K)
 Metaspace       used 35693K, committed 35968K, reserved 1081344K
  class space    used 4865K, committed 4992K, reserved 1048576K
}
Event: 9.231 GC heap before
{Heap before GC invocations=18 (full 0):
 garbage-first heap   total 65536K, used 53995K [0x0000000080000000, 0x0000000100000000)
  region size 1024K, 33 young (33792K), 3 survivors (3072K)
 Metaspace       used 37323K, committed 37632K, reserved 1089536K
  class space    used 5011K, committed 5120K, reserved 1048576K
}
Event: 9.234 GC heap after
{Heap after GC invocations=19 (full 0):
 garbage-first heap   total 65536K, used 24194K [0x0000000080000000, 0x0000000100000000)
  region size 1024K, 4 young (4096K), 4 survivors (4096K)
 Metaspace       used 37323K, committed 37632K, reserved 1089536K
  class space    used 5011K, committed 5120K, reserved 1048576K
}
Event: 9.483 GC heap before
{Heap before GC invocations=19 (full 0):
 garbage-first heap   total 65536K, used 52866K [0x0000000080000000, 0x0000000100000000)
  region size 1024K, 32 young (32768K), 4 survivors (4096K)
 Metaspace       used 39184K, committed 39552K, reserved 1089536K
  class space    used 5198K, committed 5376K, reserved 1048576K
}
Event: 9.486 GC heap after
{Heap after GC invocations=20 (full 0):
 garbage-first heap   total 65536K, used 25101K [0x0000000080000000, 0x0000000100000000)
  region size 1024K, 3 young (3072K), 3 survivors (3072K)
 Metaspace       used 39184K, committed 39552K, reserved 1089536K
  class space    used 5198K, committed 5376K, reserved 1048576K
}
Event: 9.856 GC heap before
{Heap before GC invocations=20 (full 0):
 garbage-first heap   total 65536K, used 53773K [0x0000000080000000, 0x0000000100000000)
  region size 1024K, 32 young (32768K), 3 survivors (3072K)
 Metaspace       used 40524K, committed 40896K, reserved 1089536K
  class space    used 5352K, committed 5568K, reserved 1048576K
}
Event: 9.860 GC heap after
{Heap after GC invocations=21 (full 0):
 garbage-first heap   total 65536K, used 25919K [0x0000000080000000, 0x0000000100000000)
  region size 1024K, 3 young (3072K), 3 survivors (3072K)
 Metaspace       used 40524K, committed 40896K, reserved 1089536K
  class space    used 5352K, committed 5568K, reserved 1048576K
}
Event: 10.110 GC heap before
{Heap before GC invocations=21 (full 0):
 garbage-first heap   total 65536K, used 54591K [0x0000000080000000, 0x0000000100000000)
  region size 1024K, 31 young (31744K), 3 survivors (3072K)
 Metaspace       used 41381K, committed 41664K, reserved 1089536K
  class space    used 5428K, committed 5568K, reserved 1048576K
}
Event: 10.114 GC heap after
{Heap after GC invocations=22 (full 0):
 garbage-first heap   total 65536K, used 27704K [0x0000000080000000, 0x0000000100000000)
  region size 1024K, 4 young (4096K), 4 survivors (4096K)
 Metaspace       used 41381K, committed 41664K, reserved 1089536K
  class space    used 5428K, committed 5568K, reserved 1048576K
}
Event: 10.378 GC heap before
{Heap before GC invocations=22 (full 0):
 garbage-first heap   total 65536K, used 53304K [0x0000000080000000, 0x0000000100000000)
  region size 1024K, 26 young (26624K), 4 survivors (4096K)
 Metaspace       used 42039K, committed 42368K, reserved 1089536K
  class space    used 5508K, committed 5632K, reserved 1048576K
}
Event: 10.439 GC heap after
{Heap after GC invocations=23 (full 0):
 garbage-first heap   total 78848K, used 33305K [0x0000000080000000, 0x0000000100000000)
  region size 1024K, 3 young (3072K), 3 survivors (3072K)
 Metaspace       used 42039K, committed 42368K, reserved 1089536K
  class space    used 5508K, committed 5632K, reserved 1048576K
}
Event: 10.454 GC heap before
{Heap before GC invocations=23 (full 0):
 garbage-first heap   total 78848K, used 43545K [0x0000000080000000, 0x0000000100000000)
  region size 1024K, 11 young (11264K), 3 survivors (3072K)
 Metaspace       used 42039K, committed 42368K, reserved 1089536K
  class space    used 5508K, committed 5632K, reserved 1048576K
}
Event: 10.456 GC heap after
{Heap after GC invocations=24 (full 0):
 garbage-first heap   total 78848K, used 35713K [0x0000000080000000, 0x0000000100000000)
  region size 1024K, 3 young (3072K), 3 survivors (3072K)
 Metaspace       used 42039K, committed 42368K, reserved 1089536K
  class space    used 5508K, committed 5632K, reserved 1048576K
}
Event: 11.467 GC heap before
{Heap before GC invocations=24 (full 0):
 garbage-first heap   total 78848K, used 65409K [0x0000000080000000, 0x0000000100000000)
  region size 1024K, 30 young (30720K), 3 survivors (3072K)
 Metaspace       used 44136K, committed 44608K, reserved 1089536K
  class space    used 5739K, committed 5952K, reserved 1048576K
}
Event: 11.470 GC heap after
{Heap after GC invocations=25 (full 0):
 garbage-first heap   total 78848K, used 28840K [0x0000000080000000, 0x0000000100000000)
  region size 1024K, 1 young (1024K), 1 survivors (1024K)
 Metaspace       used 44136K, committed 44608K, reserved 1089536K
  class space    used 5739K, committed 5952K, reserved 1048576K
}
Event: 13.266 GC heap before
{Heap before GC invocations=25 (full 0):
 garbage-first heap   total 78848K, used 64680K [0x0000000080000000, 0x0000000100000000)
  region size 1024K, 34 young (34816K), 1 survivors (1024K)
 Metaspace       used 45326K, committed 45824K, reserved 1089536K
  class space    used 5811K, committed 6016K, reserved 1048576K
}
Event: 13.274 GC heap after
{Heap after GC invocations=26 (full 0):
 garbage-first heap   total 78848K, used 29604K [0x0000000080000000, 0x0000000100000000)
  region size 1024K, 2 young (2048K), 2 survivors (2048K)
 Metaspace       used 45326K, committed 45824K, reserved 1089536K
  class space    used 5811K, committed 6016K, reserved 1048576K
}

