# JRE version: OpenJDK Runtime Environment (17.0.6) (build 17.0.6+0-b2043.56-10027231)
# Java VM: OpenJDK 64-Bit Server VM (17.0.6+0-b2043.56-10027231, mixed mode, tiered, compressed oops, compressed class ptrs, g1 gc, windows-amd64)
GC Precious Log:
 CPUs: 12 total, 12 available
 Memory: 6005M
 Large Page Support: Disabled
 NUMA Support: Disabled
 Compressed Oops: Enabled (32-bit)
 Heap Region Size: 1M
 Heap Min Capacity: 8M
 Heap Initial Capacity: 94M
 Heap Max Capacity: 2G
 Pre-touch: Disabled
 Parallel Workers: 10
 Concurrent Workers: 3
 Concurrent Refinement Workers: 10
 Periodic GC: Disabled
Heap:
 garbage-first heap   total 78848K, used 52962K [0x0000000080000000, 0x0000000100000000)
  region size 1024K, 33 young (33792K), 4 survivors (4096K)
 Metaspace       used 41128K, committed 41472K, reserved 1089536K
  class space    used 5406K, committed 5568K, reserved 1048576K
GC Heap History (20 events):
Event: 4.167 GC heap before
{Heap before GC invocations=9 (full 0):
 garbage-first heap   total 65536K, used 51670K [0x0000000080000000, 0x0000000100000000)
  region size 1024K, 33 young (33792K), 1 survivors (1024K)
 Metaspace       used 25270K, committed 25536K, reserved 1073152K
  class space    used 3147K, committed 3264K, reserved 1048576K
}
Event: 4.169 GC heap after
{Heap after GC invocations=10 (full 0):
 garbage-first heap   total 65536K, used 19157K [0x0000000080000000, 0x0000000100000000)
  region size 1024K, 1 young (1024K), 1 survivors (1024K)
 Metaspace       used 25270K, committed 25536K, reserved 1073152K
  class space    used 3147K, committed 3264K, reserved 1048576K
}
Event: 4.496 GC heap before
{Heap before GC invocations=10 (full 0):
 garbage-first heap   total 65536K, used 51925K [0x0000000080000000, 0x0000000100000000)
  region size 1024K, 33 young (33792K), 1 survivors (1024K)
 Metaspace       used 26913K, committed 27136K, reserved 1073152K
  class space    used 3443K, committed 3520K, reserved 1048576K
}
Event: 4.498 GC heap after
{Heap after GC invocations=11 (full 0):
 garbage-first heap   total 65536K, used 19967K [0x0000000080000000, 0x0000000100000000)
  region size 1024K, 2 young (2048K), 2 survivors (2048K)
 Metaspace       used 26913K, committed 27136K, reserved 1073152K
  class space    used 3443K, committed 3520K, reserved 1048576K
}
Event: 4.821 GC heap before
{Heap before GC invocations=11 (full 0):
 garbage-first heap   total 65536K, used 52735K [0x0000000080000000, 0x0000000100000000)
  region size 1024K, 34 young (34816K), 2 survivors (2048K)
 Metaspace       used 28718K, committed 28992K, reserved 1081344K
  class space    used 3756K, committed 3840K, reserved 1048576K
}
Event: 4.823 GC heap after
{Heap after GC invocations=12 (full 0):
 garbage-first heap   total 65536K, used 21037K [0x0000000080000000, 0x0000000100000000)
  region size 1024K, 3 young (3072K), 3 survivors (3072K)
 Metaspace       used 28718K, committed 28992K, reserved 1081344K
  class space    used 3756K, committed 3840K, reserved 1048576K
}
Event: 5.084 GC heap before
{Heap before GC invocations=12 (full 0):
 garbage-first heap   total 65536K, used 52781K [0x0000000080000000, 0x0000000100000000)
  region size 1024K, 34 young (34816K), 3 survivors (3072K)
 Metaspace       used 30390K, committed 30656K, reserved 1081344K
  class space    used 4022K, committed 4096K, reserved 1048576K
}
Event: 5.087 GC heap after
{Heap after GC invocations=13 (full 0):
 garbage-first heap   total 65536K, used 21409K [0x0000000080000000, 0x0000000100000000)
  region size 1024K, 3 young (3072K), 3 survivors (3072K)
 Metaspace       used 30390K, committed 30656K, reserved 1081344K
  class space    used 4022K, committed 4096K, reserved 1048576K
}
Event: 5.318 GC heap before
{Heap before GC invocations=13 (full 0):
 garbage-first heap   total 65536K, used 53153K [0x0000000080000000, 0x0000000100000000)
  region size 1024K, 34 young (34816K), 3 survivors (3072K)
 Metaspace       used 32069K, committed 32384K, reserved 1081344K
  class space    used 4301K, committed 4480K, reserved 1048576K
}
Event: 5.321 GC heap after
{Heap after GC invocations=14 (full 0):
 garbage-first heap   total 65536K, used 22262K [0x0000000080000000, 0x0000000100000000)
  region size 1024K, 4 young (4096K), 4 survivors (4096K)
 Metaspace       used 32069K, committed 32384K, reserved 1081344K
  class space    used 4301K, committed 4480K, reserved 1048576K
}
Event: 5.533 GC heap before
{Heap before GC invocations=14 (full 0):
 garbage-first heap   total 65536K, used 52982K [0x0000000080000000, 0x0000000100000000)
  region size 1024K, 34 young (34816K), 4 survivors (4096K)
 Metaspace       used 33685K, committed 34048K, reserved 1081344K
  class space    used 4554K, committed 4736K, reserved 1048576K
}
Event: 5.535 GC heap after
{Heap after GC invocations=15 (full 0):
 garbage-first heap   total 65536K, used 22722K [0x0000000080000000, 0x0000000100000000)
  region size 1024K, 3 young (3072K), 3 survivors (3072K)
 Metaspace       used 33685K, committed 34048K, reserved 1081344K
  class space    used 4554K, committed 4736K, reserved 1048576K
}
Event: 5.786 GC heap before
{Heap before GC invocations=15 (full 0):
 garbage-first heap   total 65536K, used 53442K [0x0000000080000000, 0x0000000100000000)
  region size 1024K, 34 young (34816K), 3 survivors (3072K)
 Metaspace       used 35624K, committed 35968K, reserved 1081344K
  class space    used 4847K, committed 4992K, reserved 1048576K
}
Event: 5.789 GC heap after
{Heap after GC invocations=16 (full 0):
 garbage-first heap   total 65536K, used 23347K [0x0000000080000000, 0x0000000100000000)
  region size 1024K, 4 young (4096K), 4 survivors (4096K)
 Metaspace       used 35624K, committed 35968K, reserved 1081344K
  class space    used 4847K, committed 4992K, reserved 1048576K
}
Event: 5.792 GC heap before
{Heap before GC invocations=16 (full 0):
 garbage-first heap   total 65536K, used 23347K [0x0000000080000000, 0x0000000100000000)
  region size 1024K, 5 young (5120K), 4 survivors (4096K)
 Metaspace       used 35655K, committed 35968K, reserved 1081344K
  class space    used 4852K, committed 4992K, reserved 1048576K
}
Event: 5.795 GC heap after
{Heap after GC invocations=17 (full 0):
 garbage-first heap   total 65536K, used 23436K [0x0000000080000000, 0x0000000100000000)
  region size 1024K, 3 young (3072K), 3 survivors (3072K)
 Metaspace       used 35655K, committed 35968K, reserved 1081344K
  class space    used 4852K, committed 4992K, reserved 1048576K
}
Event: 6.004 GC heap before
{Heap before GC invocations=18 (full 0):
 garbage-first heap   total 65536K, used 53132K [0x0000000080000000, 0x0000000100000000)
  region size 1024K, 33 young (33792K), 3 survivors (3072K)
 Metaspace       used 37297K, committed 37568K, reserved 1089536K
  class space    used 5005K, committed 5120K, reserved 1048576K
}
Event: 6.007 GC heap after
{Heap after GC invocations=19 (full 0):
 garbage-first heap   total 78848K, used 24275K [0x0000000080000000, 0x0000000100000000)
  region size 1024K, 4 young (4096K), 4 survivors (4096K)
 Metaspace       used 37297K, committed 37568K, reserved 1089536K
  class space    used 5005K, committed 5120K, reserved 1048576K
}
Event: 6.259 GC heap before
{Heap before GC invocations=19 (full 0):
 garbage-first heap   total 78848K, used 65235K [0x0000000080000000, 0x0000000100000000)
  region size 1024K, 44 young (45056K), 4 survivors (4096K)
 Metaspace       used 39775K, committed 40128K, reserved 1089536K
  class space    used 5268K, committed 5440K, reserved 1048576K
}
Event: 6.262 GC heap after
{Heap after GC invocations=20 (full 0):
 garbage-first heap   total 78848K, used 25314K [0x0000000080000000, 0x0000000100000000)
  region size 1024K, 4 young (4096K), 4 survivors (4096K)
 Metaspace       used 39775K, committed 40128K, reserved 1089536K
  class space    used 5268K, committed 5440K, reserved 1048576K
}

