# JRE version: OpenJDK Runtime Environment (17.0.6) (build 17.0.6+0-b2043.56-10027231)
# Java VM: OpenJDK 64-Bit Server VM (17.0.6+0-b2043.56-10027231, mixed mode, tiered, compressed oops, compressed class ptrs, g1 gc, windows-amd64)
GC Precious Log:
 CPUs: 12 total, 12 available
 Memory: 6005M
 Large Page Support: Disabled
 NUMA Support: Disabled
 Compressed Oops: Enabled (32-bit)
 Heap Region Size: 1M
 Heap Min Capacity: 8M
 Heap Initial Capacity: 94M
 Heap Max Capacity: 2G
 Pre-touch: Disabled
 Parallel Workers: 10
 Concurrent Workers: 3
 Concurrent Refinement Workers: 10
 Periodic GC: Disabled
Heap:
 garbage-first heap   total 145408K, used 82603K [0x0000000080000000, 0x0000000100000000)
  region size 1024K, 1 young (1024K), 1 survivors (1024K)
 Metaspace       used 100176K, committed 100992K, reserved 1138688K
  class space    used 13568K, committed 13888K, reserved 1048576K
GC Heap History (20 events):
Event: 18.095 GC heap after
{Heap after GC invocations=51 (full 0):
 garbage-first heap   total 145408K, used 62648K [0x0000000080000000, 0x0000000100000000)
  region size 1024K, 6 young (6144K), 6 survivors (6144K)
 Metaspace       used 88772K, committed 89472K, reserved 1130496K
  class space    used 11937K, committed 12288K, reserved 1048576K
}
Event: 18.662 GC heap before
{Heap before GC invocations=51 (full 0):
 garbage-first heap   total 145408K, used 122040K [0x0000000080000000, 0x0000000100000000)
  region size 1024K, 64 young (65536K), 6 survivors (6144K)
 Metaspace       used 91554K, committed 92160K, reserved 1130496K
  class space    used 12393K, committed 12672K, reserved 1048576K
}
Event: 18.668 GC heap after
{Heap after GC invocations=52 (full 0):
 garbage-first heap   total 145408K, used 64141K [0x0000000080000000, 0x0000000100000000)
  region size 1024K, 6 young (6144K), 6 survivors (6144K)
 Metaspace       used 91554K, committed 92160K, reserved 1130496K
  class space    used 12393K, committed 12672K, reserved 1048576K
}
Event: 19.314 GC heap before
{Heap before GC invocations=52 (full 0):
 garbage-first heap   total 145408K, used 122509K [0x0000000080000000, 0x0000000100000000)
  region size 1024K, 63 young (64512K), 6 survivors (6144K)
 Metaspace       used 94400K, committed 94976K, reserved 1138688K
  class space    used 12758K, committed 12992K, reserved 1048576K
}
Event: 19.319 GC heap after
{Heap after GC invocations=53 (full 0):
 garbage-first heap   total 145408K, used 66198K [0x0000000080000000, 0x0000000100000000)
  region size 1024K, 6 young (6144K), 6 survivors (6144K)
 Metaspace       used 94400K, committed 94976K, reserved 1138688K
  class space    used 12758K, committed 12992K, reserved 1048576K
}
Event: 19.749 GC heap before
{Heap before GC invocations=53 (full 0):
 garbage-first heap   total 145408K, used 122518K [0x0000000080000000, 0x0000000100000000)
  region size 1024K, 61 young (62464K), 6 survivors (6144K)
 Metaspace       used 95504K, committed 96256K, reserved 1138688K
  class space    used 12903K, committed 13248K, reserved 1048576K
}
Event: 19.756 GC heap after
{Heap after GC invocations=54 (full 0):
 garbage-first heap   total 145408K, used 72271K [0x0000000080000000, 0x0000000100000000)
  region size 1024K, 8 young (8192K), 8 survivors (8192K)
 Metaspace       used 95504K, committed 96256K, reserved 1138688K
  class space    used 12903K, committed 13248K, reserved 1048576K
}
Event: 19.828 GC heap before
{Heap before GC invocations=54 (full 0):
 garbage-first heap   total 145408K, used 82511K [0x0000000080000000, 0x0000000100000000)
  region size 1024K, 20 young (20480K), 8 survivors (8192K)
 Metaspace       used 95570K, committed 96320K, reserved 1138688K
  class space    used 12908K, committed 13248K, reserved 1048576K
}
Event: 19.834 GC heap after
{Heap after GC invocations=55 (full 0):
 garbage-first heap   total 145408K, used 76373K [0x0000000080000000, 0x0000000100000000)
  region size 1024K, 4 young (4096K), 4 survivors (4096K)
 Metaspace       used 95570K, committed 96320K, reserved 1138688K
  class space    used 12908K, committed 13248K, reserved 1048576K
}
Event: 20.047 GC heap before
{Heap before GC invocations=56 (full 0):
 garbage-first heap   total 145408K, used 119381K [0x0000000080000000, 0x0000000100000000)
  region size 1024K, 42 young (43008K), 4 survivors (4096K)
 Metaspace       used 97341K, committed 98112K, reserved 1138688K
  class space    used 13054K, committed 13376K, reserved 1048576K
}
Event: 20.051 GC heap after
{Heap after GC invocations=57 (full 0):
 garbage-first heap   total 145408K, used 77393K [0x0000000080000000, 0x0000000100000000)
  region size 1024K, 5 young (5120K), 5 survivors (5120K)
 Metaspace       used 97341K, committed 98112K, reserved 1138688K
  class space    used 13054K, committed 13376K, reserved 1048576K
}
Event: 20.071 GC heap before
{Heap before GC invocations=57 (full 0):
 garbage-first heap   total 145408K, used 79441K [0x0000000080000000, 0x0000000100000000)
  region size 1024K, 7 young (7168K), 5 survivors (5120K)
 Metaspace       used 97478K, committed 98176K, reserved 1138688K
  class space    used 13084K, committed 13376K, reserved 1048576K
}
Event: 20.074 GC heap after
{Heap after GC invocations=58 (full 0):
 garbage-first heap   total 145408K, used 77826K [0x0000000080000000, 0x0000000100000000)
  region size 1024K, 1 young (1024K), 1 survivors (1024K)
 Metaspace       used 97478K, committed 98176K, reserved 1138688K
  class space    used 13084K, committed 13376K, reserved 1048576K
}
Event: 20.656 GC heap before
{Heap before GC invocations=58 (full 0):
 garbage-first heap   total 145408K, used 114690K [0x0000000080000000, 0x0000000100000000)
  region size 1024K, 38 young (38912K), 1 survivors (1024K)
 Metaspace       used 99187K, committed 99904K, reserved 1138688K
  class space    used 13430K, committed 13760K, reserved 1048576K
}
Event: 20.662 GC heap after
{Heap after GC invocations=59 (full 0):
 garbage-first heap   total 145408K, used 79834K [0x0000000080000000, 0x0000000100000000)
  region size 1024K, 3 young (3072K), 3 survivors (3072K)
 Metaspace       used 99187K, committed 99904K, reserved 1138688K
  class space    used 13430K, committed 13760K, reserved 1048576K
}
Event: 21.478 GC heap before
{Heap before GC invocations=60 (full 0):
 garbage-first heap   total 145408K, used 116698K [0x0000000080000000, 0x0000000100000000)
  region size 1024K, 40 young (40960K), 3 survivors (3072K)
 Metaspace       used 99436K, committed 100160K, reserved 1138688K
  class space    used 13434K, committed 13760K, reserved 1048576K
}
Event: 21.485 GC heap after
{Heap after GC invocations=61 (full 0):
 garbage-first heap   total 145408K, used 81988K [0x0000000080000000, 0x0000000100000000)
  region size 1024K, 3 young (3072K), 3 survivors (3072K)
 Metaspace       used 99436K, committed 100160K, reserved 1138688K
  class space    used 13434K, committed 13760K, reserved 1048576K
}
Event: 21.619 GC heap before
{Heap before GC invocations=61 (full 0):
 garbage-first heap   total 145408K, used 85060K [0x0000000080000000, 0x0000000100000000)
  region size 1024K, 7 young (7168K), 3 survivors (3072K)
 Metaspace       used 99562K, committed 100352K, reserved 1138688K
  class space    used 13460K, committed 13824K, reserved 1048576K
}
Event: 21.622 GC heap after
{Heap after GC invocations=62 (full 0):
 garbage-first heap   total 145408K, used 82097K [0x0000000080000000, 0x0000000100000000)
  region size 1024K, 1 young (1024K), 1 survivors (1024K)
 Metaspace       used 99562K, committed 100352K, reserved 1138688K
  class space    used 13460K, committed 13824K, reserved 1048576K
}
Event: 22.089 GC heap before
{Heap before GC invocations=62 (full 0):
 garbage-first heap   total 145408K, used 99505K [0x0000000080000000, 0x0000000100000000)
  region size 1024K, 20 young (20480K), 1 survivors (1024K)
 Metaspace       used 100176K, committed 100992K, reserved 1138688K
  class space    used 13568K, committed 13888K, reserved 1048576K
}

