# JRE version: OpenJDK Runtime Environment (17.0.6) (build 17.0.6+0-b2043.56-10027231)
# Java VM: OpenJDK 64-Bit Server VM (17.0.6+0-b2043.56-10027231, mixed mode, tiered, compressed oops, compressed class ptrs, g1 gc, windows-amd64)
GC Precious Log:
 CPUs: 12 total, 12 available
 Memory: 6005M
 Large Page Support: Disabled
 NUMA Support: Disabled
 Compressed Oops: Enabled (32-bit)
 Heap Region Size: 1M
 Heap Min Capacity: 8M
 Heap Initial Capacity: 94M
 Heap Max Capacity: 2G
 Pre-touch: Disabled
 Parallel Workers: 10
 Concurrent Workers: 3
 Concurrent Refinement Workers: 10
 Periodic GC: Disabled
Heap:
 garbage-first heap   total 138240K, used 80986K [0x0000000080000000, 0x0000000100000000)
  region size 1024K, 27 young (27648K), 7 survivors (7168K)
 Metaspace       used 85852K, committed 86528K, reserved 1130496K
  class space    used 11610K, committed 11904K, reserved 1048576K
GC Heap History (20 events):
Event: 11.195 GC heap before
{Heap before GC invocations=40 (full 0):
 garbage-first heap   total 114688K, used 101631K [0x0000000080000000, 0x0000000100000000)
  region size 1024K, 50 young (51200K), 4 survivors (4096K)
 Metaspace       used 66795K, committed 67392K, reserved 1114112K
  class space    used 8782K, committed 9088K, reserved 1048576K
}
Event: 11.199 GC heap after
{Heap after GC invocations=41 (full 0):
 garbage-first heap   total 114688K, used 50613K [0x0000000080000000, 0x0000000100000000)
  region size 1024K, 6 young (6144K), 6 survivors (6144K)
 Metaspace       used 66795K, committed 67392K, reserved 1114112K
  class space    used 8782K, committed 9088K, reserved 1048576K
}
Event: 11.513 GC heap before
{Heap before GC invocations=41 (full 0):
 garbage-first heap   total 114688K, used 93621K [0x0000000080000000, 0x0000000100000000)
  region size 1024K, 48 young (49152K), 6 survivors (6144K)
 Metaspace       used 68706K, committed 69312K, reserved 1114112K
  class space    used 9034K, committed 9280K, reserved 1048576K
}
Event: 11.518 GC heap after
{Heap after GC invocations=42 (full 0):
 garbage-first heap   total 114688K, used 52340K [0x0000000080000000, 0x0000000100000000)
  region size 1024K, 5 young (5120K), 5 survivors (5120K)
 Metaspace       used 68706K, committed 69312K, reserved 1114112K
  class space    used 9034K, committed 9280K, reserved 1048576K
}
Event: 11.842 GC heap before
{Heap before GC invocations=42 (full 0):
 garbage-first heap   total 114688K, used 94324K [0x0000000080000000, 0x0000000100000000)
  region size 1024K, 46 young (47104K), 5 survivors (5120K)
 Metaspace       used 70605K, committed 71232K, reserved 1114112K
  class space    used 9310K, committed 9600K, reserved 1048576K
}
Event: 11.845 GC heap after
{Heap after GC invocations=43 (full 0):
 garbage-first heap   total 114688K, used 53485K [0x0000000080000000, 0x0000000100000000)
  region size 1024K, 3 young (3072K), 3 survivors (3072K)
 Metaspace       used 70605K, committed 71232K, reserved 1114112K
  class space    used 9310K, committed 9600K, reserved 1048576K
}
Event: 12.121 GC heap before
{Heap before GC invocations=43 (full 0):
 garbage-first heap   total 114688K, used 95469K [0x0000000080000000, 0x0000000100000000)
  region size 1024K, 44 young (45056K), 3 survivors (3072K)
 Metaspace       used 72568K, committed 73216K, reserved 1114112K
  class space    used 9546K, committed 9856K, reserved 1048576K
}
Event: 12.124 GC heap after
{Heap after GC invocations=44 (full 0):
 garbage-first heap   total 114688K, used 53974K [0x0000000080000000, 0x0000000100000000)
  region size 1024K, 4 young (4096K), 4 survivors (4096K)
 Metaspace       used 72568K, committed 73216K, reserved 1114112K
  class space    used 9546K, committed 9856K, reserved 1048576K
}
Event: 12.481 GC heap before
{Heap before GC invocations=44 (full 0):
 garbage-first heap   total 114688K, used 93910K [0x0000000080000000, 0x0000000100000000)
  region size 1024K, 44 young (45056K), 4 survivors (4096K)
 Metaspace       used 74121K, committed 74752K, reserved 1114112K
  class space    used 9754K, committed 10048K, reserved 1048576K
}
Event: 12.484 GC heap after
{Heap after GC invocations=45 (full 0):
 garbage-first heap   total 114688K, used 55368K [0x0000000080000000, 0x0000000100000000)
  region size 1024K, 4 young (4096K), 4 survivors (4096K)
 Metaspace       used 74121K, committed 74752K, reserved 1114112K
  class space    used 9754K, committed 10048K, reserved 1048576K
}
Event: 12.742 GC heap before
{Heap before GC invocations=45 (full 0):
 garbage-first heap   total 114688K, used 95304K [0x0000000080000000, 0x0000000100000000)
  region size 1024K, 43 young (44032K), 4 survivors (4096K)
 Metaspace       used 75913K, committed 76544K, reserved 1122304K
  class space    used 9998K, committed 10304K, reserved 1048576K
}
Event: 12.746 GC heap after
{Heap after GC invocations=46 (full 0):
 garbage-first heap   total 114688K, used 56263K [0x0000000080000000, 0x0000000100000000)
  region size 1024K, 4 young (4096K), 4 survivors (4096K)
 Metaspace       used 75913K, committed 76544K, reserved 1122304K
  class space    used 9998K, committed 10304K, reserved 1048576K
}
Event: 12.842 GC heap before
{Heap before GC invocations=47 (full 0):
 garbage-first heap   total 114688K, used 70599K [0x0000000080000000, 0x0000000100000000)
  region size 1024K, 19 young (19456K), 4 survivors (4096K)
 Metaspace       used 76535K, committed 77184K, reserved 1122304K
  class space    used 10081K, committed 10368K, reserved 1048576K
}
Event: 12.845 GC heap after
{Heap after GC invocations=48 (full 0):
 garbage-first heap   total 138240K, used 56739K [0x0000000080000000, 0x0000000100000000)
  region size 1024K, 4 young (4096K), 4 survivors (4096K)
 Metaspace       used 76535K, committed 77184K, reserved 1122304K
  class space    used 10081K, committed 10368K, reserved 1048576K
}
Event: 13.271 GC heap before
{Heap before GC invocations=48 (full 0):
 garbage-first heap   total 138240K, used 117155K [0x0000000080000000, 0x0000000100000000)
  region size 1024K, 62 young (63488K), 4 survivors (4096K)
 Metaspace       used 79434K, committed 80064K, reserved 1122304K
  class space    used 10655K, committed 10944K, reserved 1048576K
}
Event: 13.274 GC heap after
{Heap after GC invocations=49 (full 0):
 garbage-first heap   total 138240K, used 57676K [0x0000000080000000, 0x0000000100000000)
  region size 1024K, 5 young (5120K), 5 survivors (5120K)
 Metaspace       used 79434K, committed 80064K, reserved 1122304K
  class space    used 10655K, committed 10944K, reserved 1048576K
}
Event: 13.665 GC heap before
{Heap before GC invocations=49 (full 0):
 garbage-first heap   total 138240K, used 117068K [0x0000000080000000, 0x0000000100000000)
  region size 1024K, 63 young (64512K), 5 survivors (5120K)
 Metaspace       used 82189K, committed 82880K, reserved 1122304K
  class space    used 11079K, committed 11392K, reserved 1048576K
}
Event: 13.669 GC heap after
{Heap after GC invocations=50 (full 0):
 garbage-first heap   total 138240K, used 58996K [0x0000000080000000, 0x0000000100000000)
  region size 1024K, 5 young (5120K), 5 survivors (5120K)
 Metaspace       used 82189K, committed 82880K, reserved 1122304K
  class space    used 11079K, committed 11392K, reserved 1048576K
}
Event: 14.389 GC heap before
{Heap before GC invocations=50 (full 0):
 garbage-first heap   total 138240K, used 117364K [0x0000000080000000, 0x0000000100000000)
  region size 1024K, 62 young (63488K), 5 survivors (5120K)
 Metaspace       used 84909K, committed 85568K, reserved 1130496K
  class space    used 11470K, committed 11776K, reserved 1048576K
}
Event: 14.395 GC heap after
{Heap after GC invocations=51 (full 0):
 garbage-first heap   total 138240K, used 61530K [0x0000000080000000, 0x0000000100000000)
  region size 1024K, 7 young (7168K), 7 survivors (7168K)
 Metaspace       used 84909K, committed 85568K, reserved 1130496K
  class space    used 11470K, committed 11776K, reserved 1048576K
}

